<?xml version="1.0" encoding="UTF-8"?>
<testng-results skipped="0" failed="0" total="2" passed="2">
  <reporter-output>
  </reporter-output>
  <suite name="Surefire suite" duration-ms="141" started-at="2018-01-06T22:52:41Z" finished-at="2018-01-06T22:52:41Z">
    <groups>
    </groups>
    <test name="Surefire test" duration-ms="141" started-at="2018-01-06T22:52:41Z" finished-at="2018-01-06T22:52:41Z">
      <class name="org.com.easybix.restassuredframework.SampleTestClass2Test">
        <test-method status="PASS" signature="thridTest()[pri:0, instance:thridTest(org.com.easybix.restassuredframework.SampleTestClass2Test)]" name="thridTest" duration-ms="2" started-at="2018-01-06T17:52:41Z" finished-at="2018-01-06T17:52:41Z">
          <reporter-output>
          </reporter-output>
        </test-method> <!-- thridTest -->
        <test-method status="PASS" signature="fourthTest()[pri:0, instance:fourthTest(org.com.easybix.restassuredframework.SampleTestClass2Test)]" name="fourthTest" duration-ms="0" started-at="2018-01-06T17:52:41Z" finished-at="2018-01-06T17:52:41Z">
          <reporter-output>
          </reporter-output>
        </test-method> <!-- fourthTest -->
      </class> <!-- org.com.easybix.restassuredframework.SampleTestClass2Test -->
    </test> <!-- Surefire test -->
  </suite> <!-- Surefire suite -->
</testng-results>
