<?xml version="1.0" encoding="UTF-8"?>
<!-- Generated by org.testng.reporters.JUnitXMLReporter -->
<testsuite hostname="Akshay-PC" ignored="0" name="Default test" tests="2" failures="0" timestamp="06 Jan 2018 20:46:58 GMT" time="0.07" errors="0">
  <testcase name="firstTest" time="0.021" classname="org.com.easybix.restassuredframework.SampleTestClass1"/>
  <testcase name="secondTest" time="0.002" classname="org.com.easybix.restassuredframework.SampleTestClass1"/>
</testsuite> <!-- Default test -->
