<?xml version="1.0" encoding="UTF-8"?>
<!-- Generated by org.testng.reporters.JUnitXMLReporter -->
<testsuite hostname="Akshay-PC" name="Surefire test" tests="2" failures="0" timestamp="6 Jan 2018 22:52:41 GMT" time="0.028" errors="0">
  <testcase name="firstTest" time="0.013" classname="org.com.easybix.restassuredframework.SampleTestClass1Test"/>
  <testcase name="secondTest" time="0.001" classname="org.com.easybix.restassuredframework.SampleTestClass1Test"/>
</testsuite> <!-- Surefire test -->
