<?xml version="1.0" encoding="UTF-8"?>
<testng-results skipped="0" failed="0" total="2" passed="2">
  <reporter-output>
  </reporter-output>
  <suite name="Surefire suite" duration-ms="28" started-at="2018-01-06T22:52:41Z" finished-at="2018-01-06T22:52:41Z">
    <groups>
    </groups>
    <test name="Surefire test" duration-ms="28" started-at="2018-01-06T22:52:41Z" finished-at="2018-01-06T22:52:41Z">
      <class name="org.com.easybix.restassuredframework.SampleTestClass1Test">
        <test-method status="PASS" signature="firstTest()[pri:0, instance:org.com.easybix.restassuredframework.SampleTestClass1Test@35f983a6]" name="firstTest" duration-ms="13" started-at="2018-01-06T17:52:41Z" finished-at="2018-01-06T17:52:41Z">
          <reporter-output>
          </reporter-output>
        </test-method> <!-- firstTest -->
        <test-method status="PASS" signature="secondTest()[pri:0, instance:org.com.easybix.restassuredframework.SampleTestClass1Test@35f983a6]" name="secondTest" duration-ms="1" started-at="2018-01-06T17:52:41Z" finished-at="2018-01-06T17:52:41Z">
          <reporter-output>
          </reporter-output>
        </test-method> <!-- secondTest -->
      </class> <!-- org.com.easybix.restassuredframework.SampleTestClass1Test -->
    </test> <!-- Surefire test -->
  </suite> <!-- Surefire suite -->
</testng-results>
