<?xml version="1.0" encoding="UTF-8"?>
<!-- Generated by org.testng.reporters.JUnitXMLReporter -->
<testsuite hostname="Akshay-PC" name="Test" tests="4" failures="0" timestamp="6 Jan 2018 23:24:25 GMT" time="0.036" errors="0">
  <testcase name="firstTest" time="0.012" classname="org.com.easybix.restassuredframework.SampleTestClass1"/>
  <testcase name="secondTest" time="0.001" classname="org.com.easybix.restassuredframework.SampleTestClass1"/>
  <testcase name="fourthTest" time="0.0" classname="org.com.easybix.restassuredframework.SampleTestClass2"/>
  <testcase name="thridTest" time="0.0" classname="org.com.easybix.restassuredframework.SampleTestClass2"/>
</testsuite> <!-- Test -->
