<?xml version="1.0" encoding="UTF-8"?>
<testsuite xmlns:xsi="http://www.w3.org/2001/XMLSchema-instance" xsi:noNamespaceSchemaLocation="https://maven.apache.org/surefire/maven-surefire-plugin/xsd/surefire-test-report.xsd" name="org.com.easybix.restassuredframework.SampleTestClass1" time="0.59" tests="2" errors="0" skipped="0" failures="0">
  <properties>
[...]
</properties>
  <testcase name="firstTest" classname="org.com.easybix.restassuredframework.SampleTestClass1" time="0.011"/>
  <testcase name="secondTest" classname="org.com.easybix.restassuredframework.SampleTestClass1" time="0.001"/>
</testsuite>