<?xml version="1.0" encoding="UTF-8"?>
<testng-results skipped="0" failed="0" total="2" passed="2">
  <reporter-output>
  </reporter-output>
  <suite name="Surefire suite" duration-ms="27" started-at="2018-01-06T23:28:35Z" finished-at="2018-01-06T23:28:35Z">
    <groups>
    </groups>
    <test name="Surefire test" duration-ms="27" started-at="2018-01-06T23:28:35Z" finished-at="2018-01-06T23:28:35Z">
      <class name="org.com.easybix.restassuredframework.SampleTestClass1">
        <test-method status="PASS" signature="firstTest()[pri:0, instance:org.com.easybix.restassuredframework.SampleTestClass1@67b64c45]" name="firstTest" duration-ms="11" started-at="2018-01-06T18:28:35Z" finished-at="2018-01-06T18:28:35Z">
          <reporter-output>
          </reporter-output>
        </test-method> <!-- firstTest -->
        <test-method status="PASS" signature="secondTest()[pri:0, instance:org.com.easybix.restassuredframework.SampleTestClass1@67b64c45]" name="secondTest" duration-ms="1" started-at="2018-01-06T18:28:35Z" finished-at="2018-01-06T18:28:35Z">
          <reporter-output>
          </reporter-output>
        </test-method> <!-- secondTest -->
      </class> <!-- org.com.easybix.restassuredframework.SampleTestClass1 -->
    </test> <!-- Surefire test -->
  </suite> <!-- Surefire suite -->
</testng-results>
