<?xml version="1.0" encoding="UTF-8"?>
<testng-results skipped="0" failed="0" ignored="0" total="2" passed="2">
  <reporter-output>
  </reporter-output>
  <suite name="Suite" duration-ms="79" started-at="2018-01-06T20:48:03Z" finished-at="2018-01-06T20:48:03Z">
    <groups>
    </groups>
    <test name="Test" duration-ms="79" started-at="2018-01-06T20:48:03Z" finished-at="2018-01-06T20:48:03Z">
      <class name="org.com.easybix.restassuredframework.SampleTestClass1">
        <test-method status="PASS" signature="firstTest()[pri:0, instance:org.com.easybix.restassuredframework.SampleTestClass1@1753acfe]" name="firstTest" duration-ms="21" started-at="2018-01-06T15:48:03Z" finished-at="2018-01-06T15:48:03Z">
          <reporter-output>
          </reporter-output>
        </test-method> <!-- firstTest -->
        <test-method status="PASS" signature="secondTest()[pri:0, instance:org.com.easybix.restassuredframework.SampleTestClass1@1753acfe]" name="secondTest" duration-ms="2" started-at="2018-01-06T15:48:03Z" finished-at="2018-01-06T15:48:03Z">
          <reporter-output>
          </reporter-output>
        </test-method> <!-- secondTest -->
      </class> <!-- org.com.easybix.restassuredframework.SampleTestClass1 -->
    </test> <!-- Test -->
  </suite> <!-- Suite -->
</testng-results>
