<?xml version="1.0" encoding="UTF-8"?>
<!-- Generated by org.testng.reporters.JUnitXMLReporter -->
<testsuite hostname="Akshay-PC" name="Surefire test" tests="2" failures="0" timestamp="6 Jan 2018 22:52:41 GMT" time="0.141" errors="0">
  <testcase name="thridTest on thridTest(org.com.easybix.restassuredframework.SampleTestClass2Test)" time="0.002" classname="org.com.easybix.restassuredframework.SampleTestClass2Test"/>
  <testcase name="fourthTest on fourthTest(org.com.easybix.restassuredframework.SampleTestClass2Test)" time="0.0" classname="org.com.easybix.restassuredframework.SampleTestClass2Test"/>
</testsuite> <!-- Surefire test -->
